Determining if the pthread_create exist failed with the following output:
Change Dir: /home/riki/catkin_ws/build/CMakeFiles/CMakeTmp

Run Build Command:"/usr/bin/make" "cmTC_40846/fast"
/usr/bin/make -f CMakeFiles/cmTC_40846.dir/build.make CMakeFiles/cmTC_40846.dir/build
make[1]: Entering directory '/home/riki/catkin_ws/build/CMakeFiles/CMakeTmp'
Building C object CMakeFiles/cmTC_40846.dir/CheckSymbolExists.c.o
/usr/bin/cc     -o CMakeFiles/cmTC_40846.dir/CheckSymbolExists.c.o   -c /home/riki/catkin_ws/build/CMakeFiles/CMakeTmp/CheckSymbolExists.c
Linking C executable cmTC_40846
/usr/bin/cmake -E cmake_link_script CMakeFiles/cmTC_40846.dir/link.txt --verbose=1
/usr/bin/cc       CMakeFiles/cmTC_40846.dir/CheckSymbolExists.c.o  -o cmTC_40846 -rdynamic 
CMakeFiles/cmTC_40846.dir/CheckSymbolExists.c.o: In function `main':
CheckSymbolExists.c:(.text+0x16): undefined reference to `pthread_create'
collect2: error: ld returned 1 exit status
CMakeFiles/cmTC_40846.dir/build.make:97: recipe for target 'cmTC_40846' failed
make[1]: *** [cmTC_40846] Error 1
make[1]: Leaving directory '/home/riki/catkin_ws/build/CMakeFiles/CMakeTmp'
Makefile:126: recipe for target 'cmTC_40846/fast' failed
make: *** [cmTC_40846/fast] Error 2

File /home/riki/catkin_ws/build/CMakeFiles/CMakeTmp/CheckSymbolExists.c:
/* */
#include <pthread.h>

int main(int argc, char** argv)
{
  (void)argv;
#ifndef pthread_create
  return ((int*)(&pthread_create))[argc];
#else
  (void)argc;
  return 0;
#endif
}

Determining if the function pthread_create exists in the pthreads failed with the following output:
Change Dir: /home/riki/catkin_ws/build/CMakeFiles/CMakeTmp

Run Build Command:"/usr/bin/make" "cmTC_082dd/fast"
/usr/bin/make -f CMakeFiles/cmTC_082dd.dir/build.make CMakeFiles/cmTC_082dd.dir/build
make[1]: Entering directory '/home/riki/catkin_ws/build/CMakeFiles/CMakeTmp'
Building C object CMakeFiles/cmTC_082dd.dir/CheckFunctionExists.c.o
/usr/bin/cc    -DCHECK_FUNCTION_EXISTS=pthread_create   -o CMakeFiles/cmTC_082dd.dir/CheckFunctionExists.c.o   -c /usr/share/cmake-3.5/Modules/CheckFunctionExists.c
Linking C executable cmTC_082dd
/usr/bin/cmake -E cmake_link_script CMakeFiles/cmTC_082dd.dir/link.txt --verbose=1
/usr/bin/cc   -DCHECK_FUNCTION_EXISTS=pthread_create    CMakeFiles/cmTC_082dd.dir/CheckFunctionExists.c.o  -o cmTC_082dd -rdynamic -lpthreads 
/usr/bin/ld: cannot find -lpthreads
collect2: error: ld returned 1 exit status
CMakeFiles/cmTC_082dd.dir/build.make:97: recipe for target 'cmTC_082dd' failed
make[1]: *** [cmTC_082dd] Error 1
make[1]: Leaving directory '/home/riki/catkin_ws/build/CMakeFiles/CMakeTmp'
Makefile:126: recipe for target 'cmTC_082dd/fast' failed
make: *** [cmTC_082dd/fast] Error 2


Determining if the Q_WS_WIN exist failed with the following output:
Change Dir: /home/riki/catkin_ws/build/CMakeFiles/CMakeTmp

Run Build Command:"/usr/bin/make" "cmTC_d8277/fast"
/usr/bin/make -f CMakeFiles/cmTC_d8277.dir/build.make CMakeFiles/cmTC_d8277.dir/build
make[1]: Entering directory '/home/riki/catkin_ws/build/CMakeFiles/CMakeTmp'
Building CXX object CMakeFiles/cmTC_d8277.dir/CheckSymbolExists.cxx.o
/usr/bin/c++    -I/usr/include/qt4   -o CMakeFiles/cmTC_d8277.dir/CheckSymbolExists.cxx.o -c /home/riki/catkin_ws/build/CMakeFiles/CMakeTmp/CheckSymbolExists.cxx
/home/riki/catkin_ws/build/CMakeFiles/CMakeTmp/CheckSymbolExists.cxx: In function ‘int main(int, char**)’:
/home/riki/catkin_ws/build/CMakeFiles/CMakeTmp/CheckSymbolExists.cxx:8:19: error: ‘Q_WS_WIN’ was not declared in this scope
   return ((int*)(&Q_WS_WIN))[argc];
                   ^
CMakeFiles/cmTC_d8277.dir/build.make:65: recipe for target 'CMakeFiles/cmTC_d8277.dir/CheckSymbolExists.cxx.o' failed
make[1]: *** [CMakeFiles/cmTC_d8277.dir/CheckSymbolExists.cxx.o] Error 1
make[1]: Leaving directory '/home/riki/catkin_ws/build/CMakeFiles/CMakeTmp'
Makefile:126: recipe for target 'cmTC_d8277/fast' failed
make: *** [cmTC_d8277/fast] Error 2

File /home/riki/catkin_ws/build/CMakeFiles/CMakeTmp/CheckSymbolExists.cxx:
/* */
#include <QtCore/qglobal.h>

int main(int argc, char** argv)
{
  (void)argv;
#ifndef Q_WS_WIN
  return ((int*)(&Q_WS_WIN))[argc];
#else
  (void)argc;
  return 0;
#endif
}

Determining if the Q_WS_QWS exist failed with the following output:
Change Dir: /home/riki/catkin_ws/build/CMakeFiles/CMakeTmp

Run Build Command:"/usr/bin/make" "cmTC_b0374/fast"
/usr/bin/make -f CMakeFiles/cmTC_b0374.dir/build.make CMakeFiles/cmTC_b0374.dir/build
make[1]: Entering directory '/home/riki/catkin_ws/build/CMakeFiles/CMakeTmp'
Building CXX object CMakeFiles/cmTC_b0374.dir/CheckSymbolExists.cxx.o
/usr/bin/c++    -I/usr/include/qt4   -o CMakeFiles/cmTC_b0374.dir/CheckSymbolExists.cxx.o -c /home/riki/catkin_ws/build/CMakeFiles/CMakeTmp/CheckSymbolExists.cxx
/home/riki/catkin_ws/build/CMakeFiles/CMakeTmp/CheckSymbolExists.cxx: In function ‘int main(int, char**)’:
/home/riki/catkin_ws/build/CMakeFiles/CMakeTmp/CheckSymbolExists.cxx:8:19: error: ‘Q_WS_QWS’ was not declared in this scope
   return ((int*)(&Q_WS_QWS))[argc];
                   ^
CMakeFiles/cmTC_b0374.dir/build.make:65: recipe for target 'CMakeFiles/cmTC_b0374.dir/CheckSymbolExists.cxx.o' failed
make[1]: *** [CMakeFiles/cmTC_b0374.dir/CheckSymbolExists.cxx.o] Error 1
make[1]: Leaving directory '/home/riki/catkin_ws/build/CMakeFiles/CMakeTmp'
Makefile:126: recipe for target 'cmTC_b0374/fast' failed
make: *** [cmTC_b0374/fast] Error 2

File /home/riki/catkin_ws/build/CMakeFiles/CMakeTmp/CheckSymbolExists.cxx:
/* */
#include <QtCore/qglobal.h>

int main(int argc, char** argv)
{
  (void)argv;
#ifndef Q_WS_QWS
  return ((int*)(&Q_WS_QWS))[argc];
#else
  (void)argc;
  return 0;
#endif
}

Determining if the Q_WS_MAC exist failed with the following output:
Change Dir: /home/riki/catkin_ws/build/CMakeFiles/CMakeTmp

Run Build Command:"/usr/bin/make" "cmTC_18856/fast"
/usr/bin/make -f CMakeFiles/cmTC_18856.dir/build.make CMakeFiles/cmTC_18856.dir/build
make[1]: Entering directory '/home/riki/catkin_ws/build/CMakeFiles/CMakeTmp'
Building CXX object CMakeFiles/cmTC_18856.dir/CheckSymbolExists.cxx.o
/usr/bin/c++    -I/usr/include/qt4   -o CMakeFiles/cmTC_18856.dir/CheckSymbolExists.cxx.o -c /home/riki/catkin_ws/build/CMakeFiles/CMakeTmp/CheckSymbolExists.cxx
/home/riki/catkin_ws/build/CMakeFiles/CMakeTmp/CheckSymbolExists.cxx: In function ‘int main(int, char**)’:
/home/riki/catkin_ws/build/CMakeFiles/CMakeTmp/CheckSymbolExists.cxx:8:19: error: ‘Q_WS_MAC’ was not declared in this scope
   return ((int*)(&Q_WS_MAC))[argc];
                   ^
CMakeFiles/cmTC_18856.dir/build.make:65: recipe for target 'CMakeFiles/cmTC_18856.dir/CheckSymbolExists.cxx.o' failed
make[1]: *** [CMakeFiles/cmTC_18856.dir/CheckSymbolExists.cxx.o] Error 1
make[1]: Leaving directory '/home/riki/catkin_ws/build/CMakeFiles/CMakeTmp'
Makefile:126: recipe for target 'cmTC_18856/fast' failed
make: *** [cmTC_18856/fast] Error 2

File /home/riki/catkin_ws/build/CMakeFiles/CMakeTmp/CheckSymbolExists.cxx:
/* */
#include <QtCore/qglobal.h>

int main(int argc, char** argv)
{
  (void)argv;
#ifndef Q_WS_MAC
  return ((int*)(&Q_WS_MAC))[argc];
#else
  (void)argc;
  return 0;
#endif
}

